0 info it worked if it ends with ok
1 verbose cli [ '/Users/kevin.mcgrath/.nvm/versions/node/v6.3.0/bin/node',
1 verbose cli   '/Users/kevin.mcgrath/.nvm/versions/node/v6.3.0/bin/npm',
1 verbose cli   'run',
1 verbose cli   'build' ]
2 info using npm@3.10.3
3 info using node@v6.3.0
4 verbose run-script [ 'prebuild', 'build', 'postbuild' ]
5 info lifecycle particles-rancher@0.1.10~prebuild: particles-rancher@0.1.10
6 silly lifecycle particles-rancher@0.1.10~prebuild: no script for prebuild, continuing
7 info lifecycle particles-rancher@0.1.10~build: particles-rancher@0.1.10
8 verbose lifecycle particles-rancher@0.1.10~build: unsafe-perm in lifecycle true
9 verbose lifecycle particles-rancher@0.1.10~build: PATH: /Users/kevin.mcgrath/.nvm/versions/node/v6.3.0/lib/node_modules/npm/bin/node-gyp-bin:/Users/kevin.mcgrath/work/particles-rancher/node_modules/.bin:/Users/kevin.mcgrath/.nvm/versions/node/v6.3.0/bin:/Users/kevin.mcgrath/.nvm/versions/node/v6.3.0/bin:/usr/local/bin:/usr/bin:/bin:/usr/sbin:/sbin:/usr/local/go/bin
10 verbose lifecycle particles-rancher@0.1.10~build: CWD: /Users/kevin.mcgrath/work/particles-rancher
11 silly lifecycle particles-rancher@0.1.10~build: Args: [ '-c', 'gulp condensation:build' ]
12 silly lifecycle particles-rancher@0.1.10~build: Returned: code: 1  signal: null
13 info lifecycle particles-rancher@0.1.10~build: Failed to exec build script
14 verbose stack Error: particles-rancher@0.1.10 build: `gulp condensation:build`
14 verbose stack Exit status 1
14 verbose stack     at EventEmitter.<anonymous> (/Users/kevin.mcgrath/.nvm/versions/node/v6.3.0/lib/node_modules/npm/lib/utils/lifecycle.js:242:16)
14 verbose stack     at emitTwo (events.js:106:13)
14 verbose stack     at EventEmitter.emit (events.js:191:7)
14 verbose stack     at ChildProcess.<anonymous> (/Users/kevin.mcgrath/.nvm/versions/node/v6.3.0/lib/node_modules/npm/lib/utils/spawn.js:40:14)
14 verbose stack     at emitTwo (events.js:106:13)
14 verbose stack     at ChildProcess.emit (events.js:191:7)
14 verbose stack     at maybeClose (internal/child_process.js:852:16)
14 verbose stack     at Process.ChildProcess._handle.onexit (internal/child_process.js:215:5)
15 verbose pkgid particles-rancher@0.1.10
16 verbose cwd /Users/kevin.mcgrath/work/particles-rancher/particles/partials/rancher-image-regions
17 error Darwin 15.6.0
18 error argv "/Users/kevin.mcgrath/.nvm/versions/node/v6.3.0/bin/node" "/Users/kevin.mcgrath/.nvm/versions/node/v6.3.0/bin/npm" "run" "build"
19 error node v6.3.0
20 error npm  v3.10.3
21 error code ELIFECYCLE
22 error particles-rancher@0.1.10 build: `gulp condensation:build`
22 error Exit status 1
23 error Failed at the particles-rancher@0.1.10 build script 'gulp condensation:build'.
23 error Make sure you have the latest version of node.js and npm installed.
23 error If you do, this is most likely a problem with the particles-rancher package,
23 error not with npm itself.
23 error Tell the author that this fails on your system:
23 error     gulp condensation:build
23 error You can get information on how to open an issue for this project with:
23 error     npm bugs particles-rancher
23 error Or if that isn't available, you can get their info via:
23 error     npm owner ls particles-rancher
23 error There is likely additional logging output above.
24 verbose exit [ 1, true ]
